  main.c
C:\Users\90507\source\repos\OpenGL\OpenGL\main.c(34,18): warning C4305: 'initializing': truncation from 'double' to 'float'
C:\Users\90507\source\repos\OpenGL\OpenGL\main.c(55,1): warning C4305: 'initializing': truncation from 'double' to 'GLfloat'
C:\Users\90507\source\repos\OpenGL\OpenGL\main.c(56,1): warning C4305: 'initializing': truncation from 'double' to 'GLfloat'
C:\Users\90507\source\repos\OpenGL\OpenGL\main.c(57,1): warning C4305: 'initializing': truncation from 'double' to 'GLfloat'
C:\Users\90507\source\repos\OpenGL\OpenGL\main.c(127,15): warning C4305: 'function': truncation from 'double' to 'GLfloat'
C:\Users\90507\source\repos\OpenGL\OpenGL\main.c(127,25): warning C4305: 'function': truncation from 'double' to 'GLfloat'
C:\Users\90507\source\repos\OpenGL\OpenGL\main.c(133,15): warning C4305: 'function': truncation from 'double' to 'GLfloat'
C:\Users\90507\source\repos\OpenGL\OpenGL\main.c(133,20): warning C4305: 'function': truncation from 'double' to 'GLfloat'
C:\Users\90507\source\repos\OpenGL\OpenGL\main.c(133,25): warning C4305: 'function': truncation from 'double' to 'GLfloat'
C:\Users\90507\source\repos\OpenGL\OpenGL\main.c(159,27): warning C4244: 'function': conversion from 'double' to 'GLfloat', possible loss of data
C:\Users\90507\source\repos\OpenGL\OpenGL\main.c(159,43): warning C4244: 'function': conversion from 'double' to 'GLfloat', possible loss of data
C:\Users\90507\source\repos\OpenGL\OpenGL\main.c(154,1): warning C4244: 'initializing': conversion from 'double' to 'float', possible loss of data
C:\Users\90507\source\repos\OpenGL\OpenGL\main.c(198,28): warning C4244: '=': conversion from 'double' to 'float', possible loss of data
C:\Users\90507\source\repos\OpenGL\OpenGL\main.c(199,28): warning C4244: '=': conversion from 'double' to 'float', possible loss of data
C:\Users\90507\source\repos\OpenGL\OpenGL\main.c(202,27): warning C4244: '=': conversion from 'double' to 'float', possible loss of data
C:\Users\90507\source\repos\OpenGL\OpenGL\main.c(203,28): warning C4244: '=': conversion from 'double' to 'float', possible loss of data
C:\Users\90507\source\repos\OpenGL\OpenGL\main.c(206,27): warning C4244: '=': conversion from 'double' to 'float', possible loss of data
C:\Users\90507\source\repos\OpenGL\OpenGL\main.c(207,27): warning C4244: '=': conversion from 'double' to 'float', possible loss of data
C:\Users\90507\source\repos\OpenGL\OpenGL\main.c(210,28): warning C4244: '=': conversion from 'double' to 'float', possible loss of data
C:\Users\90507\source\repos\OpenGL\OpenGL\main.c(211,27): warning C4244: '=': conversion from 'double' to 'float', possible loss of data
C:\Users\90507\source\repos\OpenGL\OpenGL\main.c(195,1): warning C4244: 'initializing': conversion from 'double' to 'float', possible loss of data
C:\Users\90507\source\repos\OpenGL\OpenGL\main.c(294,15): warning C4305: '=': truncation from 'double' to 'float'
C:\Users\90507\source\repos\OpenGL\OpenGL\main.c(296,14): warning C4305: '=': truncation from 'double' to 'float'
C:\Users\90507\source\repos\OpenGL\OpenGL\main.c(299,25): warning C4113: 'void (__cdecl *)()' differs in parameter lists from 'void (__cdecl *)(int)'
C:\Users\90507\source\repos\OpenGL\OpenGL\main.c(319,30): warning C4113: 'void (__cdecl *)()' differs in parameter lists from 'void (__cdecl *)(void)'
C:\Users\90507\source\repos\OpenGL\OpenGL\main.c(322,24): warning C4113: 'void (__cdecl *)()' differs in parameter lists from 'void (__cdecl *)(int)'
  OpenGL.vcxproj -> C:\Users\90507\source\repos\OpenGL\Debug\OpenGL.exe
